<?xml version="1.0" encoding="UTF-8"?>
<testsuite name="test.java.MainTest" tests="1" skipped="0" failures="0" errors="0" timestamp="2017-02-20T14:06:01" hostname="MacBook-Pro.local" time="0.001">
  <properties/>
  <testcase name="TestMain" classname="test.java.MainTest" time="0.001"/>
  <system-out><![CDATA[]]></system-out>
  <system-err><![CDATA[]]></system-err>
</testsuite>
